<?xml version="1.0" encoding="UTF-8"?>
<!-- Generated by org.testng.reporters.JUnitReportReporter -->
<testsuite skipped="0" hostname="DESKTOP-FEHBOIH" name="qaclickacademy.APITest" tests="2" failures="0" timestamp="2022-04-23T14:54:16 IST" time="0.015" errors="0">
  <testcase name="restAPITest" time="0.014" classname="qaclickacademy.APITest"/>
  <system-out/>
  <testcase name="restAPITwitterDelete" time="0.001" classname="qaclickacademy.APITest"/>
  <system-out/>
</testsuite> <!-- qaclickacademy.APITest -->
