<?xml version="1.0" encoding="UTF-8"?>
<!-- Generated by org.testng.reporters.JUnitReportReporter -->
<testsuite skipped="0" hostname="DESKTOP-FEHBOIH" name="qaclickacademy.AppiumTest" tests="2" failures="0" timestamp="2022-04-23T14:53:47 IST" time="0.001" errors="0">
  <testcase name="andriodApps" time="0.000" classname="qaclickacademy.AppiumTest"/>
  <system-out/>
  <testcase name="iosApps" time="0.001" classname="qaclickacademy.AppiumTest"/>
  <system-out/>
</testsuite> <!-- qaclickacademy.AppiumTest -->
